<?xml version="1.0" encoding="UTF-8"?>
<!-- Generated by org.testng.reporters.JUnitReportReporter -->
<testsuite skipped="0" hostname="andres-paolini-mbp" name="test.mainTest" tests="1" failures="0" timestamp="22 Jun 2017 18:39:43 GMT" time="3.549" errors="0">
  <testcase name="sampleRunToPass" time="3.549" classname="test.mainTest"/>
</testsuite> <!-- test.mainTest -->
